PID 1127863 received SIGSEGV for address: 0x1000001b7
/home/dsp/hello-prisma/node_modules/segfault-handler/build/Release/segfault-handler.node(+0x3236)[0x7f6b2d777236]
/lib/x86_64-linux-gnu/libpthread.so.0(+0x13140)[0x7f6b2d432140]
/lib/x86_64-linux-gnu/libssl.so.1.1(SSL_get_peer_certificate+0x13)[0x7f6b241c4143]
/home/dsp/hello-prisma/node_modules/.prisma/client/libquery_engine-debian-openssl-1.1.x.so.node(+0x1187917)[0x7f6b1f46d917]
/home/dsp/hello-prisma/node_modules/.prisma/client/libquery_engine-debian-openssl-1.1.x.so.node(+0xd40070)[0x7f6b1f026070]
/home/dsp/hello-prisma/node_modules/.prisma/client/libquery_engine-debian-openssl-1.1.x.so.node(+0xd6c59c)[0x7f6b1f05259c]
/home/dsp/hello-prisma/node_modules/.prisma/client/libquery_engine-debian-openssl-1.1.x.so.node(+0xe26140)[0x7f6b1f10c140]
/home/dsp/hello-prisma/node_modules/.prisma/client/libquery_engine-debian-openssl-1.1.x.so.node(+0xeaa1d9)[0x7f6b1f1901d9]
/home/dsp/hello-prisma/node_modules/.prisma/client/libquery_engine-debian-openssl-1.1.x.so.node(+0xdd83dc)[0x7f6b1f0be3dc]
/home/dsp/hello-prisma/node_modules/.prisma/client/libquery_engine-debian-openssl-1.1.x.so.node(+0xeaeda6)[0x7f6b1f194da6]
/home/dsp/hello-prisma/node_modules/.prisma/client/libquery_engine-debian-openssl-1.1.x.so.node(+0xe699e0)[0x7f6b1f14f9e0]
/home/dsp/hello-prisma/node_modules/.prisma/client/libquery_engine-debian-openssl-1.1.x.so.node(+0x7fad58)[0x7f6b1eae0d58]
/home/dsp/hello-prisma/node_modules/.prisma/client/libquery_engine-debian-openssl-1.1.x.so.node(+0x801609)[0x7f6b1eae7609]
/home/dsp/hello-prisma/node_modules/.prisma/client/libquery_engine-debian-openssl-1.1.x.so.node(+0x78bc85)[0x7f6b1ea71c85]
/home/dsp/hello-prisma/node_modules/.prisma/client/libquery_engine-debian-openssl-1.1.x.so.node(+0x793f63)[0x7f6b1ea79f63]
/home/dsp/hello-prisma/node_modules/.prisma/client/libquery_engine-debian-openssl-1.1.x.so.node(+0x81a69f)[0x7f6b1eb0069f]
/home/dsp/hello-prisma/node_modules/.prisma/client/libquery_engine-debian-openssl-1.1.x.so.node(+0x7eb08b)[0x7f6b1ead108b]
/home/dsp/hello-prisma/node_modules/.prisma/client/libquery_engine-debian-openssl-1.1.x.so.node(+0x7fe240)[0x7f6b1eae4240]
/home/dsp/hello-prisma/node_modules/.prisma/client/libquery_engine-debian-openssl-1.1.x.so.node(+0x1beb48)[0x7f6b1e4a4b48]
/home/dsp/hello-prisma/node_modules/.prisma/client/libquery_engine-debian-openssl-1.1.x.so.node(+0x24b079)[0x7f6b1e531079]
/home/dsp/hello-prisma/node_modules/.prisma/client/libquery_engine-debian-openssl-1.1.x.so.node(+0x1d8c35)[0x7f6b1e4bec35]
/home/dsp/hello-prisma/node_modules/.prisma/client/libquery_engine-debian-openssl-1.1.x.so.node(+0x1a370d)[0x7f6b1e48970d]
/home/dsp/hello-prisma/node_modules/.prisma/client/libquery_engine-debian-openssl-1.1.x.so.node(+0x1b7ee6)[0x7f6b1e49dee6]
/home/dsp/hello-prisma/node_modules/.prisma/client/libquery_engine-debian-openssl-1.1.x.so.node(+0x1979e7)[0x7f6b1e47d9e7]
/home/dsp/hello-prisma/node_modules/.prisma/client/libquery_engine-debian-openssl-1.1.x.so.node(+0x1656ba)[0x7f6b1e44b6ba]
/home/dsp/hello-prisma/node_modules/.prisma/client/libquery_engine-debian-openssl-1.1.x.so.node(+0x116ab65)[0x7f6b1f450b65]
/home/dsp/hello-prisma/node_modules/.prisma/client/libquery_engine-debian-openssl-1.1.x.so.node(+0x1165abd)[0x7f6b1f44babd]
/home/dsp/hello-prisma/node_modules/.prisma/client/libquery_engine-debian-openssl-1.1.x.so.node(+0x1164d70)[0x7f6b1f44ad70]
/home/dsp/hello-prisma/node_modules/.prisma/client/libquery_engine-debian-openssl-1.1.x.so.node(+0x1168e57)[0x7f6b1f44ee57]
/home/dsp/hello-prisma/node_modules/.prisma/client/libquery_engine-debian-openssl-1.1.x.so.node(+0x1164849)[0x7f6b1f44a849]
/home/dsp/hello-prisma/node_modules/.prisma/client/libquery_engine-debian-openssl-1.1.x.so.node(+0x115b981)[0x7f6b1f441981]
/home/dsp/hello-prisma/node_modules/.prisma/client/libquery_engine-debian-openssl-1.1.x.so.node(+0x1155869)[0x7f6b1f43b869]
